#
# There is insufficient memory for the Java Runtime Environment to continue.
# Cannot create worker GC thread. Out of system resources.
# Possible reasons:
#   The system is out of physical RAM or swap space
#   The process is running with CompressedOops enabled, and the Java Heap may be blocking the growth of the native heap
# Possible solutions:
#   Reduce memory load on the system
#   Increase physical memory or swap space
#   Check if swap backing store is full
#   Decrease Java heap size (-Xmx/-Xms)
#   Decrease number of Java threads
#   Decrease Java thread stack sizes (-Xss)
#   Set larger code cache with -XX:ReservedCodeCacheSize=
# This output file may be truncated or incomplete.
#
#  Out of Memory Error (workerManager.hpp:70), pid=27946, tid=27947
#
# JRE version:  (11.0.8+10) (build )
# Java VM: OpenJDK 64-Bit Server VM (11.0.8+10-post-Ubuntu-0ubuntu118.04.1, mixed mode, sharing, tiered, compressed oops, g1 gc, linux-amd64)
# Core dump will be written. Default location: Core dumps may be processed with "/usr/share/apport/apport %p %s %c %d %P %E" (or dumping to /home/hardik/GITLAB/New GitLab/Assignment/ServerClientChatApplication/src/core.27946)
#

---------------  S U M M A R Y ------------

Command Line: -Denv.class.path=/home/hardik/json.jar:/home/hardik/sqlite.jar: -Dapplication.home=/usr/lib/jvm/java-11-openjdk-amd64 --add-modules=ALL-DEFAULT -Xms8m -Djdk.module.main=jdk.compiler jdk.compiler/com.sun.tools.javac.Main -d ../out Main/ClientHandler.java Main/ClientService.java Main/ServerService.java Database/Connect.java Communication/Client.java Communication/Server.java

Host: Intel(R) Core(TM) i5-8265U CPU @ 1.60GHz, 8 cores, 7G, Ubuntu 18.04.5 LTS
Time: Fri Aug 14 12:56:37 2020 IST elapsed time: 0 seconds (0d 0h 0m 0s)

---------------  T H R E A D  ---------------

Current thread (0x00007fa680016800):  JavaThread "Unknown thread" [_thread_in_vm, id=27947, stack(0x00007fa688c50000,0x00007fa688d51000)]

Stack: [0x00007fa688c50000,0x00007fa688d51000],  sp=0x00007fa688d4f580,  free space=1021k
Native frames: (J=compiled Java code, A=aot compiled Java code, j=interpreted, Vv=VM code, C=native code)
V  [libjvm.so+0xdf8919]
V  [libjvm.so+0xdf95ab]
V  [libjvm.so+0x651835]
V  [libjvm.so+0xe24841]
V  [libjvm.so+0x7416fe]
V  [libjvm.so+0x72f2fa]
V  [libjvm.so+0xdb2da2]
V  [libjvm.so+0xdb3036]
V  [libjvm.so+0x81c777]
V  [libjvm.so+0xd89eff]
V  [libjvm.so+0x8d6221]  JNI_CreateJavaVM+0x51
C  [libjli.so+0x4aef]
C  [libjli.so+0x946d]


---------------  P R O C E S S  ---------------

Threads class SMR info:
_java_thread_list=0x0000563cea82d0d0, length=0, elements={
}

Java Threads: ( => current thread )

Other Threads:
  0x00007fa68002f800 GCTaskThread "GC Thread#0" [stack: 0x00007fa684c2f000,0x00007fa684d2f000] [id=27948]

[error occurred during error reporting (printing all threads), id 0xb, SIGSEGV (0xb) at pc=0x00007fa6872140d1]

VM state:not at safepoint (not fully initialized)

VM Mutex/Monitor currently owned by a thread:  ([mutex/lock_event])
[0x00007fa680013430] Heap_lock - owner thread: 0x00007fa680016800

Heap address: 0x0000000088800000, size: 1912 MB, Compressed Oops mode: Non-zero based: 0x0000000088800000
Narrow klass base: 0x0000000000000000, Narrow klass shift: 0

GC Heap History (0 events):
No events

Deoptimization events (0 events):
No events

Classes redefined (0 events):
No events

Internal exceptions (0 events):
No events

Events (2 events):
Event: 0.001 Protecting memory [0x00007fa688c50000,0x00007fa688c54000] with protection modes 0
Event: 0.001 Loaded shared library /usr/lib/jvm/java-11-openjdk-amd64/lib/libzip.so


Dynamic libraries:
88800000-100000000 ---p 00000000 00:00 0 
563ce9053000-563ce9055000 r-xp 00000000 08:02 40661                      /usr/lib/jvm/java-11-openjdk-amd64/bin/javac
563ce9254000-563ce9255000 r--p 00001000 08:02 40661                      /usr/lib/jvm/java-11-openjdk-amd64/bin/javac
563ce9255000-563ce9256000 rw-p 00002000 08:02 40661                      /usr/lib/jvm/java-11-openjdk-amd64/bin/javac
563cea815000-563cea836000 rw-p 00000000 00:00 0                          [heap]
7fa660440000-7fa664000000 ---p 00000000 00:00 0 
7fa664000000-7fa664021000 rw-p 00000000 00:00 0 
7fa664021000-7fa668000000 ---p 00000000 00:00 0 
7fa668088000-7fa668089000 ---p 00000000 00:00 0 
7fa668089000-7fa66818a000 rw-p 00000000 00:00 0 
7fa66818a000-7fa668902000 ---p 00000000 00:00 0 
7fa668902000-7fa668b72000 rwxp 00000000 00:00 0 
7fa668b72000-7fa668e93000 ---p 00000000 00:00 0 
7fa668e93000-7fa669103000 rwxp 00000000 00:00 0 
7fa669103000-7fa6703ca000 ---p 00000000 00:00 0 
7fa6703ca000-7fa67063a000 rwxp 00000000 00:00 0 
7fa67063a000-7fa677902000 ---p 00000000 00:00 0 
7fa677902000-7fa680000000 r--s 00000000 08:02 47170                      /usr/lib/jvm/java-11-openjdk-amd64/lib/modules
7fa680000000-7fa68006b000 rw-p 00000000 00:00 0 
7fa68006b000-7fa684000000 ---p 00000000 00:00 0 
7fa684069000-7fa684425000 ---p 00000000 00:00 0 
7fa684425000-7fa684c2d000 rw-p 00000000 00:00 0 
7fa684c2d000-7fa684c2e000 ---p 00000000 00:00 0 
7fa684c2e000-7fa684d34000 rw-p 00000000 00:00 0 
7fa684d34000-7fa684e1a000 ---p 00000000 00:00 0 
7fa684e1a000-7fa684e1f000 rw-p 00000000 00:00 0 
7fa684e1f000-7fa684f05000 ---p 00000000 00:00 0 
7fa684f05000-7fa684f0c000 r-xp 00000000 08:02 47169                      /usr/lib/jvm/java-11-openjdk-amd64/lib/libzip.so
7fa684f0c000-7fa68510b000 ---p 00007000 08:02 47169                      /usr/lib/jvm/java-11-openjdk-amd64/lib/libzip.so
7fa68510b000-7fa68510c000 r--p 00006000 08:02 47169                      /usr/lib/jvm/java-11-openjdk-amd64/lib/libzip.so
7fa68510c000-7fa68510d000 rw-p 00007000 08:02 47169                      /usr/lib/jvm/java-11-openjdk-amd64/lib/libzip.so
7fa68510d000-7fa685118000 r-xp 00000000 08:02 13364                      /lib/x86_64-linux-gnu/libnss_files-2.27.so
7fa685118000-7fa685317000 ---p 0000b000 08:02 13364                      /lib/x86_64-linux-gnu/libnss_files-2.27.so
7fa685317000-7fa685318000 r--p 0000a000 08:02 13364                      /lib/x86_64-linux-gnu/libnss_files-2.27.so
7fa685318000-7fa685319000 rw-p 0000b000 08:02 13364                      /lib/x86_64-linux-gnu/libnss_files-2.27.so
7fa685319000-7fa68531f000 rw-p 00000000 00:00 0 
7fa68531f000-7fa685336000 r-xp 00000000 08:02 13361                      /lib/x86_64-linux-gnu/libnsl-2.27.so
7fa685336000-7fa685535000 ---p 00017000 08:02 13361                      /lib/x86_64-linux-gnu/libnsl-2.27.so
7fa685535000-7fa685536000 r--p 00016000 08:02 13361                      /lib/x86_64-linux-gnu/libnsl-2.27.so
7fa685536000-7fa685537000 rw-p 00017000 08:02 13361                      /lib/x86_64-linux-gnu/libnsl-2.27.so
7fa685537000-7fa685539000 rw-p 00000000 00:00 0 
7fa685539000-7fa685544000 r-xp 00000000 08:02 13366                      /lib/x86_64-linux-gnu/libnss_nis-2.27.so
7fa685544000-7fa685743000 ---p 0000b000 08:02 13366                      /lib/x86_64-linux-gnu/libnss_nis-2.27.so
7fa685743000-7fa685744000 r--p 0000a000 08:02 13366                      /lib/x86_64-linux-gnu/libnss_nis-2.27.so
7fa685744000-7fa685745000 rw-p 0000b000 08:02 13366                      /lib/x86_64-linux-gnu/libnss_nis-2.27.so
7fa685745000-7fa68574d000 r-xp 00000000 08:02 13362                      /lib/x86_64-linux-gnu/libnss_compat-2.27.so
7fa68574d000-7fa68594d000 ---p 00008000 08:02 13362                      /lib/x86_64-linux-gnu/libnss_compat-2.27.so
7fa68594d000-7fa68594e000 r--p 00008000 08:02 13362                      /lib/x86_64-linux-gnu/libnss_compat-2.27.so
7fa68594e000-7fa68594f000 rw-p 00009000 08:02 13362                      /lib/x86_64-linux-gnu/libnss_compat-2.27.so
7fa68594f000-7fa685954000 r-xp 00000000 08:02 47149                      /usr/lib/jvm/java-11-openjdk-amd64/lib/libjimage.so
7fa685954000-7fa685b53000 ---p 00005000 08:02 47149                      /usr/lib/jvm/java-11-openjdk-amd64/lib/libjimage.so
7fa685b53000-7fa685b54000 r--p 00004000 08:02 47149                      /usr/lib/jvm/java-11-openjdk-amd64/lib/libjimage.so
7fa685b54000-7fa685b55000 rw-p 00005000 08:02 47149                      /usr/lib/jvm/java-11-openjdk-amd64/lib/libjimage.so
7fa685b55000-7fa685b7e000 r-xp 00000000 08:02 47145                      /usr/lib/jvm/java-11-openjdk-amd64/lib/libjava.so
7fa685b7e000-7fa685d7e000 ---p 00029000 08:02 47145                      /usr/lib/jvm/java-11-openjdk-amd64/lib/libjava.so
7fa685d7e000-7fa685d7f000 r--p 00029000 08:02 47145                      /usr/lib/jvm/java-11-openjdk-amd64/lib/libjava.so
7fa685d7f000-7fa685d80000 rw-p 0002a000 08:02 47145                      /usr/lib/jvm/java-11-openjdk-amd64/lib/libjava.so
7fa685d80000-7fa685d81000 rw-p 00000000 00:00 0 
7fa685d81000-7fa685d8e000 r-xp 00000000 08:02 47168                      /usr/lib/jvm/java-11-openjdk-amd64/lib/libverify.so
7fa685d8e000-7fa685f8d000 ---p 0000d000 08:02 47168                      /usr/lib/jvm/java-11-openjdk-amd64/lib/libverify.so
7fa685f8d000-7fa685f8f000 r--p 0000c000 08:02 47168                      /usr/lib/jvm/java-11-openjdk-amd64/lib/libverify.so
7fa685f8f000-7fa685f90000 rw-p 0000e000 08:02 47168                      /usr/lib/jvm/java-11-openjdk-amd64/lib/libverify.so
7fa685f90000-7fa685f97000 r-xp 00000000 08:02 16636                      /lib/x86_64-linux-gnu/librt-2.27.so
7fa685f97000-7fa686196000 ---p 00007000 08:02 16636                      /lib/x86_64-linux-gnu/librt-2.27.so
7fa686196000-7fa686197000 r--p 00006000 08:02 16636                      /lib/x86_64-linux-gnu/librt-2.27.so
7fa686197000-7fa686198000 rw-p 00007000 08:02 16636                      /lib/x86_64-linux-gnu/librt-2.27.so
7fa686198000-7fa6861af000 r-xp 00000000 08:02 13277                      /lib/x86_64-linux-gnu/libgcc_s.so.1
7fa6861af000-7fa6863ae000 ---p 00017000 08:02 13277                      /lib/x86_64-linux-gnu/libgcc_s.so.1
7fa6863ae000-7fa6863af000 r--p 00016000 08:02 13277                      /lib/x86_64-linux-gnu/libgcc_s.so.1
7fa6863af000-7fa6863b0000 rw-p 00017000 08:02 13277                      /lib/x86_64-linux-gnu/libgcc_s.so.1
7fa6863b0000-7fa68654d000 r-xp 00000000 08:02 13358                      /lib/x86_64-linux-gnu/libm-2.27.so
7fa68654d000-7fa68674c000 ---p 0019d000 08:02 13358                      /lib/x86_64-linux-gnu/libm-2.27.so
7fa68674c000-7fa68674d000 r--p 0019c000 08:02 13358                      /lib/x86_64-linux-gnu/libm-2.27.so
7fa68674d000-7fa68674e000 rw-p 0019d000 08:02 13358                      /lib/x86_64-linux-gnu/libm-2.27.so
7fa68674e000-7fa6868c7000 r-xp 00000000 08:02 32024                      /usr/lib/x86_64-linux-gnu/libstdc++.so.6.0.25
7fa6868c7000-7fa686ac7000 ---p 00179000 08:02 32024                      /usr/lib/x86_64-linux-gnu/libstdc++.so.6.0.25
7fa686ac7000-7fa686ad1000 r--p 00179000 08:02 32024                      /usr/lib/x86_64-linux-gnu/libstdc++.so.6.0.25
7fa686ad1000-7fa686ad3000 rw-p 00183000 08:02 32024                      /usr/lib/x86_64-linux-gnu/libstdc++.so.6.0.25
7fa686ad3000-7fa686ad7000 rw-p 00000000 00:00 0 
7fa686ad7000-7fa687bb5000 r-xp 00000000 08:02 47175                      /usr/lib/jvm/java-11-openjdk-amd64/lib/server/libjvm.so
7fa687bb5000-7fa687db4000 ---p 010de000 08:02 47175                      /usr/lib/jvm/java-11-openjdk-amd64/lib/server/libjvm.so
7fa687db4000-7fa687e71000 r--p 010dd000 08:02 47175                      /usr/lib/jvm/java-11-openjdk-amd64/lib/server/libjvm.so
7fa687e71000-7fa687eaa000 rw-p 0119a000 08:02 47175                      /usr/lib/jvm/java-11-openjdk-amd64/lib/server/libjvm.so
7fa687eaa000-7fa687f01000 rw-p 00000000 00:00 0 
7fa687f01000-7fa687f1b000 r-xp 00000000 08:02 16581                      /lib/x86_64-linux-gnu/libpthread-2.27.so
7fa687f1b000-7fa68811a000 ---p 0001a000 08:02 16581                      /lib/x86_64-linux-gnu/libpthread-2.27.so
7fa68811a000-7fa68811b000 r--p 00019000 08:02 16581                      /lib/x86_64-linux-gnu/libpthread-2.27.so
7fa68811b000-7fa68811c000 rw-p 0001a000 08:02 16581                      /lib/x86_64-linux-gnu/libpthread-2.27.so
7fa68811c000-7fa688120000 rw-p 00000000 00:00 0 
7fa688120000-7fa688123000 r-xp 00000000 08:02 13357                      /lib/x86_64-linux-gnu/libdl-2.27.so
7fa688123000-7fa688322000 ---p 00003000 08:02 13357                      /lib/x86_64-linux-gnu/libdl-2.27.so
7fa688322000-7fa688323000 r--p 00002000 08:02 13357                      /lib/x86_64-linux-gnu/libdl-2.27.so
7fa688323000-7fa688324000 rw-p 00003000 08:02 13357                      /lib/x86_64-linux-gnu/libdl-2.27.so
7fa688324000-7fa688340000 r-xp 00000000 08:02 16768                      /lib/x86_64-linux-gnu/libz.so.1.2.11
7fa688340000-7fa68853f000 ---p 0001c000 08:02 16768                      /lib/x86_64-linux-gnu/libz.so.1.2.11
7fa68853f000-7fa688540000 r--p 0001b000 08:02 16768                      /lib/x86_64-linux-gnu/libz.so.1.2.11
7fa688540000-7fa688541000 rw-p 0001c000 08:02 16768                      /lib/x86_64-linux-gnu/libz.so.1.2.11
7fa688541000-7fa688728000 r-xp 00000000 08:02 13354                      /lib/x86_64-linux-gnu/libc-2.27.so
7fa688728000-7fa688928000 ---p 001e7000 08:02 13354                      /lib/x86_64-linux-gnu/libc-2.27.so
7fa688928000-7fa68892c000 r--p 001e7000 08:02 13354                      /lib/x86_64-linux-gnu/libc-2.27.so
7fa68892c000-7fa68892e000 rw-p 001eb000 08:02 13354                      /lib/x86_64-linux-gnu/libc-2.27.so
7fa68892e000-7fa688932000 rw-p 00000000 00:00 0 
7fa688932000-7fa688942000 r-xp 00000000 08:02 47129                      /usr/lib/jvm/java-11-openjdk-amd64/lib/jli/libjli.so
7fa688942000-7fa688b41000 ---p 00010000 08:02 47129                      /usr/lib/jvm/java-11-openjdk-amd64/lib/jli/libjli.so
7fa688b41000-7fa688b42000 r--p 0000f000 08:02 47129                      /usr/lib/jvm/java-11-openjdk-amd64/lib/jli/libjli.so
7fa688b42000-7fa688b43000 rw-p 00010000 08:02 47129                      /usr/lib/jvm/java-11-openjdk-amd64/lib/jli/libjli.so
7fa688b43000-7fa688b6a000 r-xp 00000000 08:02 13287                      /lib/x86_64-linux-gnu/ld-2.27.so
7fa688bc8000-7fa688c49000 rw-p 00000000 00:00 0 
7fa688c49000-7fa688c50000 ---p 00000000 00:00 0 
7fa688c50000-7fa688c54000 ---p 00000000 00:00 0 
7fa688c54000-7fa688d53000 rw-p 00000000 00:00 0 
7fa688d5c000-7fa688d5e000 r--s 00007000 08:02 55569                      /usr/share/java/java-atk-wrapper.jar
7fa688d5e000-7fa688d66000 rw-s 00000000 08:02 4718632                    /tmp/hsperfdata_hardik/27946 (deleted)
7fa688d66000-7fa688d67000 ---p 00000000 00:00 0 
7fa688d67000-7fa688d68000 r--p 00000000 00:00 0 
7fa688d68000-7fa688d6a000 rw-p 00000000 00:00 0 
7fa688d6a000-7fa688d6b000 r--p 00027000 08:02 13287                      /lib/x86_64-linux-gnu/ld-2.27.so
7fa688d6b000-7fa688d6c000 rw-p 00028000 08:02 13287                      /lib/x86_64-linux-gnu/ld-2.27.so
7fa688d6c000-7fa688d6d000 rw-p 00000000 00:00 0 
7ffde5ddd000-7ffde5dfe000 rw-p 00000000 00:00 0                          [stack]
7ffde5e74000-7ffde5e77000 r--p 00000000 00:00 0                          [vvar]
7ffde5e77000-7ffde5e78000 r-xp 00000000 00:00 0                          [vdso]
ffffffffff600000-ffffffffff601000 --xp 00000000 00:00 0                  [vsyscall]


VM Arguments:
jvm_args: -Denv.class.path=/home/hardik/json.jar:/home/hardik/sqlite.jar: -Dapplication.home=/usr/lib/jvm/java-11-openjdk-amd64 --add-modules=ALL-DEFAULT -Xms8m -Djdk.module.main=jdk.compiler 
java_command: jdk.compiler/com.sun.tools.javac.Main -d ../out Main/ClientHandler.java Main/ClientService.java Main/ServerService.java Database/Connect.java Communication/Client.java Communication/Server.java
java_class_path (initial): <not set>
Launcher Type: SUN_STANDARD

[Global flags]
     intx CICompilerCount                          = 4                                         {product} {ergonomic}
     uint ConcGCThreads                            = 2                                         {product} {ergonomic}
     uint G1ConcRefinementThreads                  = 8                                         {product} {ergonomic}
   size_t G1HeapRegionSize                         = 1048576                                   {product} {ergonomic}
    uintx GCDrainStackTargetSize                   = 64                                        {product} {ergonomic}
   size_t InitialHeapSize                          = 8388608                                   {product} {command line}
   size_t MaxHeapSize                              = 2004877312                                {product} {ergonomic}
   size_t MinHeapDeltaBytes                        = 1048576                                   {product} {ergonomic}
    uintx NonNMethodCodeHeapSize                   = 5836300                                {pd product} {ergonomic}
    uintx NonProfiledCodeHeapSize                  = 122910970                              {pd product} {ergonomic}
    uintx ProfiledCodeHeapSize                     = 122910970                              {pd product} {ergonomic}
    uintx ReservedCodeCacheSize                    = 251658240                              {pd product} {ergonomic}
     bool SegmentedCodeCache                       = true                                      {product} {ergonomic}
     bool UseCompressedClassPointers               = true                                 {lp64_product} {ergonomic}
     bool UseCompressedOops                        = true                                 {lp64_product} {ergonomic}
     bool UseG1GC                                  = true                                      {product} {ergonomic}

Logging:
Log output configuration:
 #0: stdout all=warning uptime,level,tags
 #1: stderr all=off uptime,level,tags

Environment Variables:
CLASSPATH=/home/hardik/json.jar:/home/hardik/sqlite.jar:
PATH=/opt/gradle/gradle-6.5.1/bin:/usr/local/sbin:/usr/local/bin:/usr/sbin:/usr/bin:/sbin:/bin:/usr/games:/usr/local/games:/snap/bin
USERNAME=hardik
SHELL=/bin/bash
DISPLAY=:0
LANG=en_IN

Signal Handlers:
SIGSEGV: [libjvm.so+0xdf9610], sa_mask[0]=11111111011111111101111111111110, sa_flags=SA_RESTART|SA_SIGINFO
SIGBUS: [libjvm.so+0xdf9610], sa_mask[0]=11111111011111111101111111111110, sa_flags=SA_RESTART|SA_SIGINFO
SIGFPE: [libjvm.so+0xdf9610], sa_mask[0]=11111111011111111101111111111110, sa_flags=SA_RESTART|SA_SIGINFO
SIGPIPE: [libjvm.so+0xbcc360], sa_mask[0]=11111111011111111101111111111110, sa_flags=SA_RESTART|SA_SIGINFO
SIGXFSZ: [libjvm.so+0xbcc360], sa_mask[0]=11111111011111111101111111111110, sa_flags=SA_RESTART|SA_SIGINFO
SIGILL: [libjvm.so+0xdf9610], sa_mask[0]=11111111011111111101111111111110, sa_flags=SA_RESTART|SA_SIGINFO
SIGUSR2: [libjvm.so+0xbcc200], sa_mask[0]=00100000000000000000000000000000, sa_flags=SA_RESTART|SA_SIGINFO
SIGHUP: SIG_DFL, sa_mask[0]=00000000000000000000000000000000, sa_flags=none
SIGINT: SIG_DFL, sa_mask[0]=00000000000000000000000000000000, sa_flags=none
SIGTERM: SIG_DFL, sa_mask[0]=00000000000000000000000000000000, sa_flags=none
SIGQUIT: SIG_DFL, sa_mask[0]=00000000000000000000000000000000, sa_flags=none


---------------  S Y S T E M  ---------------

OS:DISTRIB_ID=Ubuntu
DISTRIB_RELEASE=18.04
DISTRIB_CODENAME=bionic
DISTRIB_DESCRIPTION="Ubuntu 18.04.5 LTS"
uname:Linux 5.4.0-42-generic #46~18.04.1-Ubuntu SMP Fri Jul 10 07:21:24 UTC 2020 x86_64
OS uptime: 0 days 4:10 hours
libc:glibc 2.27 NPTL 2.27 
rlimit (soft/hard): STACK 8192k/infinity , CORE 0k/infinity , NPROC 30388/30388 , NOFILE 1048576/1048576 , AS infinity/infinity , CPU infinity/infinity , DATA infinity/infinity , FSIZE infinity/infinity , MEMLOCK 16384k/16384k
load average:1.03 1.15 1.15

/proc/meminfo:
MemTotal:        7827288 kB
MemFree:          133792 kB
MemAvailable:     865496 kB
Buffers:          189848 kB
Cached:          1408128 kB
SwapCached:            0 kB
Active:          5679612 kB
Inactive:        1055108 kB
Active(anon):    5098560 kB
Inactive(anon):   728180 kB
Active(file):     581052 kB
Inactive(file):   326928 kB
Unevictable:       26920 kB
Mlocked:              48 kB
SwapTotal:       2097148 kB
SwapFree:        2096112 kB
Dirty:                 4 kB
Writeback:             0 kB
AnonPages:       5163816 kB
Mapped:           803936 kB
Shmem:            691932 kB
KReclaimable:      97976 kB
Slab:             271560 kB
SReclaimable:      97976 kB
SUnreclaim:       173584 kB
KernelStack:      180192 kB
PageTables:        91948 kB
NFS_Unstable:          0 kB
Bounce:                0 kB
WritebackTmp:          0 kB
CommitLimit:     6010792 kB
Committed_AS:   22393888 kB
VmallocTotal:   34359738367 kB
VmallocUsed:      199016 kB
VmallocChunk:          0 kB
Percpu:             2848 kB
HardwareCorrupted:     0 kB
AnonHugePages:         0 kB
ShmemHugePages:        0 kB
ShmemPmdMapped:        0 kB
FileHugePages:         0 kB
FilePmdMapped:         0 kB
CmaTotal:              0 kB
CmaFree:               0 kB
HugePages_Total:       0
HugePages_Free:        0
HugePages_Rsvd:        0
HugePages_Surp:        0
Hugepagesize:       2048 kB
Hugetlb:               0 kB
DirectMap4k:      296552 kB
DirectMap2M:     7766016 kB
DirectMap1G:           0 kB

/sys/kernel/mm/transparent_hugepage/enabled:
always [madvise] never

/sys/kernel/mm/transparent_hugepage/defrag (defrag/compaction efforts parameter):
always defer defer+madvise [madvise] never


/proc/sys/kernel/threads-max (system-wide limit on the number of threads):
60776


/proc/sys/vm/max_map_count (maximum number of memory map areas a process may have):
65530


/proc/sys/kernel/pid_max (system-wide limit on number of process identifiers):
32768



container (cgroup) information:
container_type: cgroupv1
cpu_cpuset_cpus: 0-7
cpu_memory_nodes: 0
active_processor_count: 8
cpu_quota: -1
cpu_period: 100000
cpu_shares: -1
memory_limit_in_bytes: -1
memory_and_swap_limit_in_bytes: -2
memory_soft_limit_in_bytes: -1
memory_usage_in_bytes: 6923722752
memory_max_usage_in_bytes: 38260736

Steal ticks since vm start: 0
Steal ticks percentage since vm start:  0.000

CPU:total 8 (initial active 8) (4 cores per cpu, 2 threads per core) family 6 model 142 stepping 11, cmov, cx8, fxsr, mmx, sse, sse2, sse3, ssse3, sse4.1, sse4.2, popcnt, avx, avx2, aes, clmul, erms, 3dnowpref, lzcnt, ht, tsc, tscinvbit, bmi1, bmi2, adx, fma
CPU Model and flags from /proc/cpuinfo:
model name	: Intel(R) Core(TM) i5-8265U CPU @ 1.60GHz
flags		: fpu vme de pse tsc msr pae mce cx8 apic sep mtrr pge mca cmov pat pse36 clflush dts acpi mmx fxsr sse sse2 ss ht tm pbe syscall nx pdpe1gb rdtscp lm constant_tsc art arch_perfmon pebs bts rep_good nopl xtopology nonstop_tsc cpuid aperfmperf pni pclmulqdq dtes64 monitor ds_cpl vmx est tm2 ssse3 sdbg fma cx16 xtpr pdcm pcid sse4_1 sse4_2 x2apic movbe popcnt tsc_deadline_timer aes xsave avx f16c rdrand lahf_lm abm 3dnowprefetch cpuid_fault epb invpcid_single ssbd ibrs ibpb stibp tpr_shadow vnmi flexpriority ept vpid ept_ad fsgsbase tsc_adjust bmi1 avx2 smep bmi2 erms invpcid mpx rdseed adx smap clflushopt intel_pt xsaveopt xsavec xgetbv1 xsaves dtherm ida arat pln pts hwp hwp_notify hwp_act_window hwp_epp md_clear flush_l1d arch_capabilities

Memory: 4k page, physical 7827288k(133792k free), swap 2097148k(2096112k free)

vm_info: OpenJDK 64-Bit Server VM (11.0.8+10-post-Ubuntu-0ubuntu118.04.1) for linux-amd64 JRE (11.0.8+10-post-Ubuntu-0ubuntu118.04.1), built on Jul 15 2020 20:45:24 by "unknown" with gcc 7.5.0

END.
